2024/09/17 21:01:53 读入角色配置……
2024/09/17 21:01:53 读入动作序列……
2024/09/17 21:01:53 读入怪物……
2024/09/17 21:01:53 更新角色配置……
2024/09/17 21:01:53 Char 3:
2024/09/17 21:01:53   NoStat: 0.0000
2024/09/17 21:01:53   DEF: 135.0000
2024/09/17 21:01:53   DEFP: 0.0000
2024/09/17 21:01:53   HP: 4780.0000
2024/09/17 21:01:53   HPP: 0.1690
2024/09/17 21:01:53   ATK: 389.0000
2024/09/17 21:01:53   ATKP: 0.4660
2024/09/17 21:01:53   ER: 2.6340
2024/09/17 21:01:53   EM: 102.0000
2024/09/17 21:01:53   CR: 0.3180
2024/09/17 21:01:53   CD: 1.0760
2024/09/17 21:01:53   Heal: 0.0000
2024/09/17 21:01:53   PyroP: 0.0000
2024/09/17 21:01:53   HydroP: 0.0000
2024/09/17 21:01:53   CryoP: 0.0000
2024/09/17 21:01:53   ElectroP: 0.0000
2024/09/17 21:01:53   AnemoP: 0.0000
2024/09/17 21:01:53   GeoP: 0.0000
2024/09/17 21:01:53   DendroP: 0.0000
2024/09/17 21:01:53   PhyP: 0.5830
2024/09/17 21:01:53   AtkSpd: 0.0000
2024/09/17 21:01:53   DmgP: 0.0000
2024/09/17 21:01:53   DelimBaseStat: 0.0000
2024/09/17 21:01:53   BaseHP: 11636.0000
2024/09/17 21:01:53   BaseATK: 831.0000
2024/09/17 21:01:53   BaseDEF: 792.0000
2024/09/17 21:01:53   MaxEnergy: 60.0000
2024/09/17 21:01:53 录入配置……
2024/09/17 21:01:53 precritdmg 2717.938498589313 critdamage 5642.440323071414
2024/09/17 21:01:53 damage 2717.938498589313
2024/09/17 21:01:53 precritdmg 4138.330342900764 critdamage 6207.495514351145
2024/09/17 21:01:53 damage 4138.330342900764
2024/09/17 21:01:53 precritdmg 638.4131565572519 critdamage 957.6197348358778
2024/09/17 21:01:53 damage 638.4131565572519
2024/09/17 21:01:53 precritdmg 1892.5291202290077 critdamage 2838.7936803435114
2024/09/17 21:01:53 damage 1892.5291202290077
2024/09/17 21:01:53 precritdmg 31637.17298636486 critdamage 63622.35487557974
2024/09/17 21:01:53 damage 63622.35487557974
2024/09/17 21:01:53 precritdmg 4196.720776012214 critdamage 8439.605480560562
2024/09/17 21:01:53 damage 4196.720776012214
2024/09/17 21:01:53 precritdmg 944.1933909361832 critdamage 1898.7729091726644
2024/09/17 21:01:53 damage 1898.7729091726644
2024/09/17 21:01:53 precritdmg 1970.662771139248 critdamage 2955.9941567088717
2024/09/17 21:01:53 damage 1970.662771139248
2024/09/17 21:01:53 precritdmg 1892.5291202290077 critdamage 2838.7936803435114
2024/09/17 21:01:53 damage 1892.5291202290077
2024/09/17 21:01:53 precritdmg 5805.185798473282 critdamage 8707.778697709924
2024/09/17 21:01:53 damage 5805.185798473282
2024/09/17 21:01:53 precritdmg 7008.807794981624 critdamage 10513.211692472436
2024/09/17 21:01:53 damage 7008.807794981624
2024/09/17 21:01:53 precritdmg 6668.691376666666 critdamage 10003.037064999999
2024/09/17 21:01:53 damage 6668.691376666666
2024/09/17 21:01:53 precritdmg 1970.662771139248 critdamage 2955.9941567088717
2024/09/17 21:01:53 damage 1970.662771139248
2024/09/17 21:01:53 precritdmg 1892.5291202290077 critdamage 2838.7936803435114
2024/09/17 21:01:53 damage 1892.5291202290077
2024/09/17 21:01:53 precritdmg 4931.073907968734 critdamage 10236.909432943092
2024/09/17 21:01:53 damage 4931.073907968734
2024/09/17 21:01:53 precritdmg 0 critdamage 0
2024/09/17 21:01:53 damage 0
2024/09/17 21:01:53 precritdmg 4931.073907968734 critdamage 10236.909432943092
2024/09/17 21:01:53 damage 4931.073907968734
2024/09/17 21:01:53 precritdmg 4931.073907968734 critdamage 10236.909432943092
2024/09/17 21:01:53 damage 10236.909432943092
2024/09/17 21:01:53 precritdmg 37505.791433933715 critdamage 109029.33569844531
2024/09/17 21:01:53 damage 109029.33569844531
2024/09/17 21:01:53 precritdmg 638.4131565572519 critdamage 957.6197348358778
2024/09/17 21:01:53 damage 638.4131565572519
2024/09/17 21:01:53 precritdmg 1892.5291202290077 critdamage 2838.7936803435114
2024/09/17 21:01:53 damage 1892.5291202290077
2024/09/17 21:01:53 precritdmg 34970.93116600227 critdamage 101660.4968995686
2024/09/17 21:01:53 damage 101660.4968995686
2024/09/17 21:01:53 precritdmg 4931.073907968734 critdamage 10236.909432943092
2024/09/17 21:01:53 damage 4931.073907968734
2024/09/17 21:01:53 precritdmg 4931.073907968734 critdamage 10236.909432943092
2024/09/17 21:01:53 damage 10236.909432943092
2024/09/17 21:01:53 precritdmg 39774.87164366176 critdamage 115625.55186812475
2024/09/17 21:01:53 damage 115625.55186812475
2024/09/17 21:01:53 precritdmg 4931.073907968734 critdamage 10236.909432943092
2024/09/17 21:01:53 damage 4931.073907968734
2024/09/17 21:01:53 precritdmg 10999.695361199996 critdamage 31976.11441500839
2024/09/17 21:01:53 damage 10999.695361199996
2024/09/17 21:01:53 precritdmg 638.4131565572519 critdamage 957.6197348358778
2024/09/17 21:01:53 damage 638.4131565572519
2024/09/17 21:01:53 precritdmg 1892.5291202290077 critdamage 2838.7936803435114
2024/09/17 21:01:53 damage 1892.5291202290077
2024/09/17 21:01:53 precritdmg 4931.073907968734 critdamage 10236.909432943092
2024/09/17 21:01:53 damage 4931.073907968734
2024/09/17 21:01:53 precritdmg 53806.4231472108 critdamage 156415.2720889418
2024/09/17 21:01:53 damage 156415.2720889418
2024/09/17 21:01:53 precritdmg 4931.073907968734 critdamage 10236.909432943092
2024/09/17 21:01:53 damage 4931.073907968734
2024/09/17 21:01:53 precritdmg 4931.073907968734 critdamage 10236.909432943092
2024/09/17 21:01:53 damage 10236.909432943092
2024/09/17 21:01:53 precritdmg 3859.1013192798787 critdamage 8011.4943388250285
2024/09/17 21:01:53 damage 8011.4943388250285
2024/09/17 21:01:53 precritdmg 62318.719311351866 critdamage 181160.51703809988
2024/09/17 21:01:53 damage 181160.51703809988
2024/09/17 21:01:53 precritdmg 6944.545295999998 critdamage 20187.793175471994
2024/09/17 21:01:53 damage 6944.545295999998
2024/09/17 21:01:53 precritdmg 3859.1013192798787 critdamage 8011.4943388250285
2024/09/17 21:01:53 damage 3859.1013192798787
2024/09/17 21:01:53 precritdmg 6944.545295999998 critdamage 20187.793175471994
2024/09/17 21:01:53 damage 20187.793175471994
2024/09/17 21:01:53 precritdmg 3859.1013192798787 critdamage 8011.4943388250285
2024/09/17 21:01:53 damage 3859.1013192798787
